<?xml version="1.0" encoding="UTF-8"?>
<!-- Generated by org.testng.reporters.JUnitReportReporter -->
<testsuite hostname="SOMASUNDARAM" name="com.vtiger.TestScripts.CreateOrganizationTest" tests="1" failures="0" timestamp="2 Aug 2020 09:11:26 GMT" time="24.274" errors="0">
  <testcase name="createOrganizationTest" time="24.274" classname="com.vtiger.TestScripts.CreateOrganizationTest"/>
</testsuite> <!-- com.vtiger.TestScripts.CreateOrganizationTest -->
